<?xml version="1.0" encoding="UTF-8"?>
<robot generator="Robot 7.0.1 (Python 3.12.3 on win32)" generated="2024-07-02T02:13:40.514125" rpa="false" schemaversion="5">
<suite id="s1" name="KnimeSpaceTests" source="C:\Users\Faizan\PycharmProjects\Knime_Test\TestSuites\KnimeSpaceTests.robot">
<test id="s1-t1" name="LoginTest" line="10">
<kw name="Set Global Variable" owner="BuiltIn">
<msg time="2024-07-02T02:13:40.744044" level="INFO">${URL} = https://hub.knime.com/</msg>
<arg>${URL}</arg>
<arg>https://hub.knime.com/</arg>
<doc>Makes a variable available globally in all tests and suites.</doc>
<status status="PASS" start="2024-07-02T02:13:40.743093" elapsed="0.000951"/>
</kw>
<kw name="Set Global Variable" owner="BuiltIn">
<msg time="2024-07-02T02:13:40.745054" level="INFO">${BROWSER} = Google Chrome</msg>
<arg>${BROWSER}</arg>
<arg>Google Chrome</arg>
<doc>Makes a variable available globally in all tests and suites.</doc>
<status status="PASS" start="2024-07-02T02:13:40.744514" elapsed="0.000540"/>
</kw>
<kw name="Open Browser To Login Page">
<kw name="Open Browser" owner="SeleniumLibrary">
<msg time="2024-07-02T02:13:40.746047" level="INFO">Opening browser 'Google Chrome' to base url 'https://hub.knime.com/'.</msg>
<arg>${URL}</arg>
<arg>${BROWSER}</arg>
<doc>Opens a new browser instance to the optional ``url``.</doc>
<status status="PASS" start="2024-07-02T02:13:40.746047" elapsed="3.208310"/>
</kw>
<kw name="Maximize Browser Window" owner="SeleniumLibrary">
<doc>Maximizes current browser window.</doc>
<status status="PASS" start="2024-07-02T02:13:43.954357" elapsed="0.074653"/>
</kw>
<status status="PASS" start="2024-07-02T02:13:40.745629" elapsed="3.283381"/>
</kw>
<kw name="Wait Until Element Is Visible" owner="SeleniumLibrary">
<arg>css=.primary.accept-button</arg>
<arg>3s</arg>
<doc>Waits until the element ``locator`` is visible.</doc>
<status status="PASS" start="2024-07-02T02:13:44.030231" elapsed="0.292666"/>
</kw>
<kw name="Click Button" owner="SeleniumLibrary">
<msg time="2024-07-02T02:13:44.323896" level="INFO">Clicking button 'css=.primary.accept-button'.</msg>
<arg>css=.primary.accept-button</arg>
<doc>Clicks the button identified by ``locator``.</doc>
<status status="PASS" start="2024-07-02T02:13:44.322897" elapsed="0.061838"/>
</kw>
<kw name="Wait Until Element Is Visible" owner="SeleniumLibrary">
<arg>css=.button.primary.compact</arg>
<arg>3s</arg>
<doc>Waits until the element ``locator`` is visible.</doc>
<status status="PASS" start="2024-07-02T02:13:44.384735" elapsed="0.021309"/>
</kw>
<kw name="Click Button" owner="SeleniumLibrary">
<msg time="2024-07-02T02:13:44.407072" level="INFO">Clicking button 'css=.button.primary.compact'.</msg>
<arg>css=.button.primary.compact</arg>
<doc>Clicks the button identified by ``locator``.</doc>
<status status="PASS" start="2024-07-02T02:13:44.406044" elapsed="2.069919"/>
</kw>
<kw name="Wait Until Element Is Visible" owner="SeleniumLibrary">
<arg>id=edit-name</arg>
<arg>3s</arg>
<doc>Waits until the element ``locator`` is visible.</doc>
<status status="PASS" start="2024-07-02T02:13:46.475963" elapsed="0.019946"/>
</kw>
<kw name="Wait Until Element Is Visible" owner="SeleniumLibrary">
<arg>id=edit-pass</arg>
<arg>1s</arg>
<doc>Waits until the element ``locator`` is visible.</doc>
<status status="PASS" start="2024-07-02T02:13:46.496931" elapsed="0.017380"/>
</kw>
<kw name="Wait Until Element Is Visible" owner="SeleniumLibrary">
<arg>id=edit-submit</arg>
<arg>1s</arg>
<doc>Waits until the element ``locator`` is visible.</doc>
<status status="PASS" start="2024-07-02T02:13:46.514311" elapsed="0.015012"/>
</kw>
<kw name="Input Text" owner="SeleniumLibrary">
<msg time="2024-07-02T02:13:46.530285" level="INFO">Typing text 'FaizanAbbas' into text field 'id=edit-name'.</msg>
<arg>id=edit-name</arg>
<arg>${username}</arg>
<doc>Types the given ``text`` into the text field identified by ``locator``.</doc>
<status status="PASS" start="2024-07-02T02:13:46.530285" elapsed="0.072912"/>
</kw>
<kw name="Input Text" owner="SeleniumLibrary">
<msg time="2024-07-02T02:13:46.604200" level="INFO">Typing text 'XYZxyz123$' into text field 'id=edit-pass'.</msg>
<arg>id=edit-pass</arg>
<arg>${password}</arg>
<doc>Types the given ``text`` into the text field identified by ``locator``.</doc>
<status status="PASS" start="2024-07-02T02:13:46.603197" elapsed="0.076095"/>
</kw>
<kw name="Click Button" owner="SeleniumLibrary">
<msg time="2024-07-02T02:13:46.679292" level="INFO">Clicking button 'id=edit-submit'.</msg>
<arg>id=edit-submit</arg>
<doc>Clicks the button identified by ``locator``.</doc>
<status status="PASS" start="2024-07-02T02:13:46.679292" elapsed="3.069853"/>
</kw>
<kw name="Element Should Be Visible" owner="SeleniumLibrary">
<msg time="2024-07-02T02:13:49.928282" level="INFO">Element 'identifier=q' is displayed.</msg>
<arg>identifier=q</arg>
<arg>1s</arg>
<doc>Verifies that the element identified by ``locator`` is visible.</doc>
<status status="PASS" start="2024-07-02T02:13:49.750143" elapsed="0.178139"/>
</kw>
<status status="PASS" start="2024-07-02T02:13:40.742470" elapsed="9.185812"/>
</test>
<test id="s1-t2" name="AccessingSpace" line="25">
<kw name="Get Current Date" owner="DateTime">
<msg time="2024-07-02T02:13:49.929280" level="INFO">${current_datetime} = 2024-07-02--021349</msg>
<var>${current_datetime}</var>
<arg>result_format=%Y-%m-%d--%H%M%S</arg>
<doc>Returns current local or UTC time with an optional increment.</doc>
<status status="PASS" start="2024-07-02T02:13:49.929280" elapsed="0.000000"/>
</kw>
<kw name="Set Global Variable" owner="BuiltIn">
<msg time="2024-07-02T02:13:49.930278" level="INFO">${CURRENT_DATETIME} = 2024-07-02--021349</msg>
<arg>${CURRENT_DATETIME}</arg>
<arg>${current_datetime}</arg>
<doc>Makes a variable available globally in all tests and suites.</doc>
<status status="PASS" start="2024-07-02T02:13:49.930278" elapsed="0.000000"/>
</kw>
<kw name="Set Variable" owner="BuiltIn">
<msg time="2024-07-02T02:13:49.931275" level="INFO">${space_name} = SPACE-2024-07-02--021349</msg>
<var>${space_name}</var>
<arg>SPACE-${current_datetime}</arg>
<doc>Returns the given values which can then be assigned to a variables.</doc>
<status status="PASS" start="2024-07-02T02:13:49.931275" elapsed="0.000000"/>
</kw>
<kw name="Set Global Variable" owner="BuiltIn">
<msg time="2024-07-02T02:13:49.932272" level="INFO">${SPACE_NAME} = SPACE-2024-07-02--021349</msg>
<arg>${SPACE_NAME}</arg>
<arg>${space_name}</arg>
<doc>Makes a variable available globally in all tests and suites.</doc>
<status status="PASS" start="2024-07-02T02:13:49.931275" elapsed="0.000997"/>
</kw>
<kw name="Log" owner="BuiltIn">
<msg time="2024-07-02T02:13:49.932272" level="INFO">Space name: SPACE-2024-07-02--021349</msg>
<arg>Space name: ${SPACE_NAME}</arg>
<doc>Logs the given message with the given level.</doc>
<status status="PASS" start="2024-07-02T02:13:49.932272" elapsed="0.000000"/>
</kw>
<kw name="Wait Until Element Is Visible" owner="SeleniumLibrary">
<arg>css=.avatar-frame</arg>
<arg>15s</arg>
<doc>Waits until the element ``locator`` is visible.</doc>
<status status="PASS" start="2024-07-02T02:13:49.933269" elapsed="0.229929"/>
</kw>
<kw name="Click Element" owner="SeleniumLibrary">
<msg time="2024-07-02T02:13:50.164197" level="INFO">Clicking element 'css=.avatar-frame'.</msg>
<arg>css=.avatar-frame</arg>
<doc>Click the element identified by ``locator``.</doc>
<status status="PASS" start="2024-07-02T02:13:50.164009" elapsed="0.140266"/>
</kw>
<kw name="Wait Until Element Is Visible" owner="SeleniumLibrary">
<arg>id=menu-item--0</arg>
<arg>15s</arg>
<doc>Waits until the element ``locator`` is visible.</doc>
<status status="PASS" start="2024-07-02T02:13:50.305183" elapsed="0.015953"/>
</kw>
<kw name="Click Element" owner="SeleniumLibrary">
<msg time="2024-07-02T02:13:50.322165" level="INFO">Clicking element 'id=menu-item--0'.</msg>
<arg>id=menu-item--0</arg>
<doc>Click the element identified by ``locator``.</doc>
<status status="PASS" start="2024-07-02T02:13:50.321136" elapsed="0.069016"/>
</kw>
<status status="PASS" start="2024-07-02T02:13:49.929280" elapsed="0.461869"/>
</test>
<test id="s1-t3" name="CreateSpace" line="35">
<kw name="Wait Until Page Contains" owner="SeleniumLibrary">
<arg>Your spaces</arg>
<arg>15s</arg>
<doc>Waits until ``text`` appears on the current page.</doc>
<status status="PASS" start="2024-07-02T02:13:50.392146" elapsed="0.530667"/>
</kw>
<kw name="Run Keyword And Ignore Error" owner="BuiltIn">
<kw name="Click Button" owner="SeleniumLibrary">
<msg time="2024-07-02T02:13:50.924855" level="INFO">Clicking button 'class=button.primary.plus-button'.</msg>
<arg>class=button.primary.plus-button</arg>
<doc>Clicks the button identified by ``locator``.</doc>
<status status="PASS" start="2024-07-02T02:13:50.923846" elapsed="0.118946"/>
</kw>
<msg time="2024-07-02T02:13:51.043373" level="INFO">${result} = ('PASS', None)</msg>
<var>${result}</var>
<arg>Click Button</arg>
<arg>class=button.primary.plus-button</arg>
<doc>Runs the given keyword with the given arguments and ignores possible error.</doc>
<status status="PASS" start="2024-07-02T02:13:50.923846" elapsed="0.119527"/>
</kw>
<kw name="Run Keyword If" owner="BuiltIn">
<arg>'${result[0]}' == 'FAIL'</arg>
<arg>Click Button</arg>
<arg>class=button.primary</arg>
<doc>Runs the given keyword with the given arguments, if ``condition`` is true.</doc>
<status status="PASS" start="2024-07-02T02:13:51.043373" elapsed="0.000992"/>
</kw>
<kw name="Wait Until Element Is Visible" owner="SeleniumLibrary">
<arg>xpath=//button[@title='Save']</arg>
<arg>15s</arg>
<doc>Waits until the element ``locator`` is visible.</doc>
<status status="PASS" start="2024-07-02T02:13:51.044365" elapsed="0.903338"/>
</kw>
<kw name="Input Text" owner="SeleniumLibrary">
<msg time="2024-07-02T02:13:51.947703" level="INFO">Typing text 'SPACE-2024-07-02--021349' into text field '//textarea[@placeholder='Enter private space name']'.</msg>
<arg>//textarea[@placeholder='Enter private space name']</arg>
<arg>${SPACE_NAME}</arg>
<doc>Types the given ``text`` into the text field identified by ``locator``.</doc>
<status status="PASS" start="2024-07-02T02:13:51.947703" elapsed="0.112306"/>
</kw>
<kw name="Click Button" owner="SeleniumLibrary">
<msg time="2024-07-02T02:13:52.060009" level="INFO">Clicking button 'xpath=//button[@title='Save']'.</msg>
<arg>xpath=//button[@title='Save']</arg>
<doc>Clicks the button identified by ``locator``.</doc>
<status status="PASS" start="2024-07-02T02:13:52.060009" elapsed="0.057982"/>
</kw>
<kw name="Wait Until Page Contains" owner="SeleniumLibrary">
<arg>Space renamed</arg>
<arg>15s</arg>
<doc>Waits until ``text`` appears on the current page.</doc>
<status status="PASS" start="2024-07-02T02:13:52.117991" elapsed="0.660252"/>
</kw>
<kw name="Log" owner="BuiltIn">
<msg time="2024-07-02T02:13:52.778448" level="INFO">Space rename to: SPACE-2024-07-02--021349</msg>
<arg>Space rename to: ${SPACE_NAME}</arg>
<doc>Logs the given message with the given level.</doc>
<status status="PASS" start="2024-07-02T02:13:52.778448" elapsed="0.000000"/>
</kw>
<kw name="Wait Until Location Contains" owner="SeleniumLibrary">
<arg>${SPACE_NAME}</arg>
<doc>Waits until the current URL contains ``expected``.</doc>
<status status="PASS" start="2024-07-02T02:13:52.778448" elapsed="0.248525"/>
</kw>
<kw name="Click Button" owner="SeleniumLibrary">
<msg time="2024-07-02T02:13:53.026973" level="INFO">Clicking button 'css=.function-button.single.toggle'.</msg>
<arg>css=.function-button.single.toggle</arg>
<doc>Clicks the button identified by ``locator``.</doc>
<status status="PASS" start="2024-07-02T02:13:53.026973" elapsed="0.072197"/>
</kw>
<kw name="Wait Until Element Is Visible" owner="SeleniumLibrary">
<arg>xpath=//button[text()=' Make public']</arg>
<arg>15s</arg>
<doc>Waits until the element ``locator`` is visible.</doc>
<status status="PASS" start="2024-07-02T02:13:53.099170" elapsed="0.237092"/>
</kw>
<kw name="Click Button" owner="SeleniumLibrary">
<msg time="2024-07-02T02:13:53.337260" level="INFO">Clicking button 'xpath=//button[text()=' Make public']'.</msg>
<arg>xpath=//button[text()=' Make public']</arg>
<doc>Clicks the button identified by ``locator``.</doc>
<status status="PASS" start="2024-07-02T02:13:53.337260" elapsed="0.056002"/>
</kw>
<kw name="Wait Until Element Is Visible" owner="SeleniumLibrary">
<arg>xpath://input[@placeholder='space name']</arg>
<arg>15s</arg>
<doc>Waits until the element ``locator`` is visible.</doc>
<status status="PASS" start="2024-07-02T02:13:53.393262" elapsed="0.236200"/>
</kw>
<kw name="Input Text" owner="SeleniumLibrary">
<msg time="2024-07-02T02:13:53.629462" level="INFO">Typing text 'SPACE-2024-07-02--021349' into text field 'xpath://input[@placeholder='space name']'.</msg>
<arg>xpath://input[@placeholder='space name']</arg>
<arg>${SPACE_NAME}</arg>
<doc>Types the given ``text`` into the text field identified by ``locator``.</doc>
<status status="PASS" start="2024-07-02T02:13:53.629462" elapsed="0.082638"/>
</kw>
<kw name="Wait Until Element Is Visible" owner="SeleniumLibrary">
<arg>xpath=//button[text()='I am sure, make this space public']</arg>
<arg>15s</arg>
<doc>Waits until the element ``locator`` is visible.</doc>
<status status="PASS" start="2024-07-02T02:13:53.712100" elapsed="0.015346"/>
</kw>
<kw name="Click Button" owner="SeleniumLibrary">
<msg time="2024-07-02T02:13:53.728470" level="INFO">Clicking button 'xpath=//button[text()='I am sure, make this space public']'.</msg>
<arg>xpath=//button[text()='I am sure, make this space public']</arg>
<doc>Clicks the button identified by ``locator``.</doc>
<status status="PASS" start="2024-07-02T02:13:53.728470" elapsed="0.097685"/>
</kw>
<kw name="Wait Until Page Contains" owner="SeleniumLibrary">
<arg>Space made public</arg>
<arg>15s</arg>
<doc>Waits until ``text`` appears on the current page.</doc>
<status status="PASS" start="2024-07-02T02:13:53.827154" elapsed="0.434311"/>
</kw>
<status status="PASS" start="2024-07-02T02:13:50.391149" elapsed="3.870316"/>
</test>
<test id="s1-t4" name="DeleteSpace" line="53">
<kw name="Wait Until Page Contains" owner="SeleniumLibrary">
<arg>Public space</arg>
<arg>15s</arg>
<doc>Waits until ``text`` appears on the current page.</doc>
<status status="PASS" start="2024-07-02T02:13:54.263098" elapsed="0.017702"/>
</kw>
<kw name="Click Button" owner="SeleniumLibrary">
<msg time="2024-07-02T02:13:54.281825" level="INFO">Clicking button 'css=.function-button.single.toggle'.</msg>
<arg>css=.function-button.single.toggle</arg>
<doc>Clicks the button identified by ``locator``.</doc>
<status status="PASS" start="2024-07-02T02:13:54.281825" elapsed="0.057019"/>
</kw>
<kw name="Wait Until Element Is Visible" owner="SeleniumLibrary">
<arg>xpath=//button[text()=' Delete space']</arg>
<arg>15s</arg>
<doc>Waits until the element ``locator`` is visible.</doc>
<status status="PASS" start="2024-07-02T02:13:54.339842" elapsed="0.017761"/>
</kw>
<kw name="Click Button" owner="SeleniumLibrary">
<msg time="2024-07-02T02:13:54.357603" level="INFO">Clicking button 'xpath=//button[text()=' Delete space']'.</msg>
<arg>xpath=//button[text()=' Delete space']</arg>
<doc>Clicks the button identified by ``locator``.</doc>
<status status="PASS" start="2024-07-02T02:13:54.357603" elapsed="0.056621"/>
</kw>
<kw name="Wait Until Element Is Visible" owner="SeleniumLibrary">
<arg>xpath://input[@placeholder='space name']</arg>
<arg>15s</arg>
<doc>Waits until the element ``locator`` is visible.</doc>
<status status="PASS" start="2024-07-02T02:13:54.414224" elapsed="0.241911"/>
</kw>
<kw name="Input Text" owner="SeleniumLibrary">
<msg time="2024-07-02T02:13:54.657319" level="INFO">Typing text 'SPACE-2024-07-02--021349' into text field 'xpath://input[@placeholder='space name']'.</msg>
<arg>xpath://input[@placeholder='space name']</arg>
<arg>${SPACE_NAME}</arg>
<doc>Types the given ``text`` into the text field identified by ``locator``.</doc>
<status status="PASS" start="2024-07-02T02:13:54.656135" elapsed="0.089793"/>
</kw>
<kw name="Wait Until Element Is Visible" owner="SeleniumLibrary">
<arg>xpath=//button[text()='I understand the consequences, delete space permanently']</arg>
<arg>15s</arg>
<doc>Waits until the element ``locator`` is visible.</doc>
<status status="PASS" start="2024-07-02T02:13:54.745928" elapsed="0.017218"/>
</kw>
<kw name="Click Button" owner="SeleniumLibrary">
<msg time="2024-07-02T02:13:54.763146" level="INFO">Clicking button 'xpath=//button[text()='I understand the consequences, delete space permanently']'.</msg>
<arg>xpath=//button[text()='I understand the consequences, delete space permanently']</arg>
<doc>Clicks the button identified by ``locator``.</doc>
<status status="PASS" start="2024-07-02T02:13:54.763146" elapsed="0.064774"/>
</kw>
<status status="PASS" start="2024-07-02T02:13:54.263034" elapsed="0.564886"/>
</test>
<test id="s1-t5" name="VerifyDelete" line="62">
<kw name="Wait Until Page Contains" owner="SeleniumLibrary">
<arg>Space deleted</arg>
<arg>15s</arg>
<doc>Waits until ``text`` appears on the current page.</doc>
<status status="PASS" start="2024-07-02T02:13:54.828918" elapsed="0.462786"/>
</kw>
<kw name="Page Should Not Contain" owner="SeleniumLibrary">
<msg time="2024-07-02T02:13:55.390553" level="INFO">Current page does not contain text 'SPACE-2024-07-02--021349'.</msg>
<arg>${SPACE_NAME}</arg>
<doc>Verifies the current page does not contain ``text``.</doc>
<status status="PASS" start="2024-07-02T02:13:55.291704" elapsed="0.098849"/>
</kw>
<status status="PASS" start="2024-07-02T02:13:54.828918" elapsed="0.561635"/>
</test>
<status status="PASS" start="2024-07-02T02:13:40.515124" elapsed="14.876454"/>
</suite>
<statistics>
<total>
<stat pass="5" fail="0" skip="0">All Tests</stat>
</total>
<tag>
</tag>
<suite>
<stat pass="5" fail="0" skip="0" id="s1" name="KnimeSpaceTests">KnimeSpaceTests</stat>
</suite>
</statistics>
<errors>
</errors>
</robot>
